<?xml version="1.0" encoding="UTF-8"?>
<!-- Generated by org.testng.reporters.JUnitReportReporter -->
<testsuite hostname="shivams-MacBook-Air.local" failures="0" tests="1" name="test.Final_Test" time="1.089" errors="0" timestamp="2024-08-15T01:42:44 IST" skipped="0">
  <testcase classname="test.Final_Test" name="log_in_test" time="1.089"/>
</testsuite> <!-- test.Final_Test -->
